<?xml version="1.0" encoding="UTF-8"?>
<!-- Generated by org.testng.reporters.JUnitReportReporter -->
<testsuite hostname="DESKTOP-UTMBFEU" failures="0" tests="1" name="api.Automation.ISAssertion" time="3.823" errors="0" timestamp="2024-04-23T11:46:10 IST" skipped="0">
  <testcase classname="api.Automation.ISAssertion" name="isOperator" time="3.823"/>
</testsuite> <!-- api.Automation.ISAssertion -->
