<?xml version="1.0" encoding="UTF-8"?>
<!-- Generated by org.testng.reporters.JUnitReportReporter -->
<testsuite hostname="DESKTOP-UTMBFEU" failures="0" tests="4" name="day1.HTTPRequest" time="5.179" errors="0" timestamp="2024-04-23T19:17:35 IST" skipped="0">
  <testcase classname="day1.HTTPRequest" name="listUsers" time="3.344"/>
  <testcase classname="day1.HTTPRequest" name="createUser" time="0.506"/>
  <testcase classname="day1.HTTPRequest" name="UpdateUser" time="0.744"/>
  <testcase classname="day1.HTTPRequest" name="deleteUser" time="0.585"/>
</testsuite> <!-- day1.HTTPRequest -->
