<?xml version="1.0" encoding="UTF-8"?>
<!-- Generated by org.testng.reporters.JUnitReportReporter -->
<testsuite hostname="DESKTOP-UTMBFEU" failures="0" tests="1" name="day1.PostRequest" time="3.865" errors="0" timestamp="2024-04-23T19:49:53 IST" skipped="0">
  <testcase classname="day1.PostRequest" name="createUser" time="3.865"/>
</testsuite> <!-- day1.PostRequest -->
