<?xml version="1.0" encoding="UTF-8"?>
<!-- Generated by org.testng.reporters.JUnitReportReporter -->
<testsuite hostname="DESKTOP-UTMBFEU" failures="0" tests="4" name="day1.Requests" time="6.062" errors="0" timestamp="2024-04-23T20:17:50 IST" skipped="0">
  <testcase classname="day1.Requests" name="listUsers" time="3.376"/>
  <testcase classname="day1.Requests" name="createUser" time="0.985"/>
  <testcase classname="day1.Requests" name="UpdateUser" time="0.429"/>
  <testcase classname="day1.Requests" name="deleteUser" time="1.272"/>
</testsuite> <!-- day1.Requests -->
