<?xml version="1.0" encoding="UTF-8"?>
<!-- Generated by org.testng.reporters.JUnitReportReporter -->
<testsuite hostname="DESKTOP-UTMBFEU" failures="0" tests="1" name="api.Automation.EqualToIgnoreCaseAssertion" time="3.973" errors="0" timestamp="2024-04-23T12:05:24 IST" skipped="0">
  <testcase classname="api.Automation.EqualToIgnoreCaseAssertion" name="equalToIgnoreCase" time="3.973"/>
</testsuite> <!-- api.Automation.EqualToIgnoreCaseAssertion -->
