<?xml version="1.0" encoding="UTF-8"?>
<!-- Generated by org.testng.reporters.JUnitReportReporter -->
<testsuite hostname="DESKTOP-UTMBFEU" failures="0" tests="1" name="api.Automation.RestAssuredDemo" time="2.853" errors="0" timestamp="2024-04-23T11:35:54 IST" skipped="0">
  <testcase classname="api.Automation.RestAssuredDemo" name="getUserDetailsUsingQueryParameter" time="2.853"/>
</testsuite> <!-- api.Automation.RestAssuredDemo -->
