<?xml version="1.0" encoding="UTF-8"?>
<!-- Generated by org.testng.reporters.JUnitReportReporter -->
<testsuite hostname="DESKTOP-UTMBFEU" failures="0" tests="1" name="api.Automation.textAssertion" time="3.549" errors="0" timestamp="2024-04-23T11:28:28 IST" skipped="0">
  <testcase classname="api.Automation.textAssertion" name="textAssert" time="3.549"/>
</testsuite> <!-- api.Automation.textAssertion -->
